<?xml version="1.0" encoding="UTF-8"?>
<testng-results skipped="0" failed="1" ignored="0" total="8" passed="7">
  <reporter-output>
  </reporter-output>
  <suite name="Default suite" duration-ms="62689" started-at="2020-08-30T17:39:42Z" finished-at="2020-08-30T17:40:45Z">
    <groups>
    </groups>
    <test name="Default test" duration-ms="62689" started-at="2020-08-30T17:39:42Z" finished-at="2020-08-30T17:40:45Z">
      <class name="test.WhiteBackGroudValidationTest">
        <test-method status="PASS" signature="whiteBackground()[pri:0, instance:test.WhiteBackGroudValidationTest@1d548a08]" name="whiteBackground" duration-ms="5784" started-at="2020-08-30T12:39:42Z" finished-at="2020-08-30T12:39:48Z">
          <reporter-output>
          </reporter-output>
        </test-method> <!-- whiteBackground -->
      </class> <!-- test.WhiteBackGroudValidationTest -->
      <class name="test.SingleCheckBoxRemoveTest">
        <test-method status="FAIL" signature="checkBoxRemove()[pri:0, instance:test.SingleCheckBoxRemoveTest@161b062a]" name="checkBoxRemove" duration-ms="14500" started-at="2020-08-30T12:39:58Z" finished-at="2020-08-30T12:40:13Z">
          <exception class="org.openqa.selenium.NoSuchElementException">
            <message>
              <![CDATA[no such element: Unable to locate element: {"method":"xpath","selector":"//*[@id="todos-content"]/form/ul/li[3]/input"}
  (Session info: chrome=84.0.4147.135)
For documentation on this error, please visit: http://seleniumhq.org/exceptions/no_such_element.html
Build info: version: '3.14.0', revision: 'aacccce0', time: '2018-08-02T20:19:58.91Z'
System info: host: 'DESKTOP-KBF4O9F', ip: '192.168.16.1', os.name: 'Windows 10', os.arch: 'amd64', os.version: '10.0', java.version: '1.8.0_251'
Driver info: org.openqa.selenium.chrome.ChromeDriver
Capabilities {acceptInsecureCerts: false, browserName: chrome, browserVersion: 84.0.4147.135, chrome: {chromedriverVersion: 83.0.4103.39 (ccbf011cb2d2b..., userDataDir: C:\Users\Ruman\AppData\Loca...}, goog:chromeOptions: {debuggerAddress: localhost:58881}, javascriptEnabled: true, networkConnectionEnabled: false, pageLoadStrategy: normal, platform: WINDOWS, platformName: WINDOWS, proxy: Proxy(), setWindowRect: true, strictFileInteractability: false, timeouts: {implicit: 0, pageLoad: 300000, script: 30000}, unhandledPromptBehavior: dismiss and notify, webauthn:virtualAuthenticators: true}
Session ID: 786fab1c8ad9fbdad4e98fabf6dcc2b0
*** Element info: {Using=xpath, value=//*[@id="todos-content"]/form/ul/li[3]/input}]]>
            </message>
            <full-stacktrace>
              <![CDATA[org.openqa.selenium.NoSuchElementException: no such element: Unable to locate element: {"method":"xpath","selector":"//*[@id="todos-content"]/form/ul/li[3]/input"}
  (Session info: chrome=84.0.4147.135)
For documentation on this error, please visit: http://seleniumhq.org/exceptions/no_such_element.html
Build info: version: '3.14.0', revision: 'aacccce0', time: '2018-08-02T20:19:58.91Z'
System info: host: 'DESKTOP-KBF4O9F', ip: '192.168.16.1', os.name: 'Windows 10', os.arch: 'amd64', os.version: '10.0', java.version: '1.8.0_251'
Driver info: org.openqa.selenium.chrome.ChromeDriver
Capabilities {acceptInsecureCerts: false, browserName: chrome, browserVersion: 84.0.4147.135, chrome: {chromedriverVersion: 83.0.4103.39 (ccbf011cb2d2b..., userDataDir: C:\Users\Ruman\AppData\Loca...}, goog:chromeOptions: {debuggerAddress: localhost:58881}, javascriptEnabled: true, networkConnectionEnabled: false, pageLoadStrategy: normal, platform: WINDOWS, platformName: WINDOWS, proxy: Proxy(), setWindowRect: true, strictFileInteractability: false, timeouts: {implicit: 0, pageLoad: 300000, script: 30000}, unhandledPromptBehavior: dismiss and notify, webauthn:virtualAuthenticators: true}
Session ID: 786fab1c8ad9fbdad4e98fabf6dcc2b0
*** Element info: {Using=xpath, value=//*[@id="todos-content"]/form/ul/li[3]/input}
	at sun.reflect.NativeConstructorAccessorImpl.newInstance0(Native Method)
	at sun.reflect.NativeConstructorAccessorImpl.newInstance(NativeConstructorAccessorImpl.java:62)
	at sun.reflect.DelegatingConstructorAccessorImpl.newInstance(DelegatingConstructorAccessorImpl.java:45)
	at java.lang.reflect.Constructor.newInstance(Constructor.java:423)
	at org.openqa.selenium.remote.http.W3CHttpResponseCodec.createException(W3CHttpResponseCodec.java:187)
	at org.openqa.selenium.remote.http.W3CHttpResponseCodec.decode(W3CHttpResponseCodec.java:122)
	at org.openqa.selenium.remote.http.W3CHttpResponseCodec.decode(W3CHttpResponseCodec.java:49)
	at org.openqa.selenium.remote.HttpCommandExecutor.execute(HttpCommandExecutor.java:158)
	at org.openqa.selenium.remote.service.DriverCommandExecutor.execute(DriverCommandExecutor.java:83)
	at org.openqa.selenium.remote.RemoteWebDriver.execute(RemoteWebDriver.java:548)
	at org.openqa.selenium.remote.RemoteWebDriver.findElement(RemoteWebDriver.java:322)
	at org.openqa.selenium.remote.RemoteWebDriver.findElementByXPath(RemoteWebDriver.java:424)
	at org.openqa.selenium.By$ByXPath.findElement(By.java:353)
	at org.openqa.selenium.remote.RemoteWebDriver.findElement(RemoteWebDriver.java:314)
	at org.openqa.selenium.support.pagefactory.DefaultElementLocator.findElement(DefaultElementLocator.java:69)
	at org.openqa.selenium.support.pagefactory.internal.LocatingElementHandler.invoke(LocatingElementHandler.java:38)
	at com.sun.proxy.$Proxy7.click(Unknown Source)
	at page.SingleCheckBoxRemovePage.singlecheckboxRemove(SingleCheckBoxRemovePage.java:24)
	at test.SingleCheckBoxRemoveTest.checkBoxRemove(SingleCheckBoxRemoveTest.java:22)
	at sun.reflect.NativeMethodAccessorImpl.invoke0(Native Method)
	at sun.reflect.NativeMethodAccessorImpl.invoke(NativeMethodAccessorImpl.java:62)
	at sun.reflect.DelegatingMethodAccessorImpl.invoke(DelegatingMethodAccessorImpl.java:43)
	at java.lang.reflect.Method.invoke(Method.java:498)
	at org.testng.internal.MethodInvocationHelper.invokeMethod(MethodInvocationHelper.java:108)
	at org.testng.internal.Invoker.invokeMethod(Invoker.java:661)
	at org.testng.internal.Invoker.invokeTestMethod(Invoker.java:869)
	at org.testng.internal.Invoker.invokeTestMethods(Invoker.java:1193)
	at org.testng.internal.TestMethodWorker.invokeTestMethods(TestMethodWorker.java:126)
	at org.testng.internal.TestMethodWorker.run(TestMethodWorker.java:109)
	at org.testng.TestRunner.privateRun(TestRunner.java:744)
	at org.testng.TestRunner.run(TestRunner.java:602)
	at org.testng.SuiteRunner.runTest(SuiteRunner.java:380)
	at org.testng.SuiteRunner.runSequentially(SuiteRunner.java:375)
	at org.testng.SuiteRunner.privateRun(SuiteRunner.java:340)
	at org.testng.SuiteRunner.run(SuiteRunner.java:289)
	at org.testng.SuiteRunnerWorker.runSuite(SuiteRunnerWorker.java:52)
	at org.testng.SuiteRunnerWorker.run(SuiteRunnerWorker.java:86)
	at org.testng.TestNG.runSuitesSequentially(TestNG.java:1301)
	at org.testng.TestNG.runSuitesLocally(TestNG.java:1226)
	at org.testng.TestNG.runSuites(TestNG.java:1144)
	at org.testng.TestNG.run(TestNG.java:1115)
	at org.testng.remote.AbstractRemoteTestNG.run(AbstractRemoteTestNG.java:115)
	at org.testng.remote.RemoteTestNG.initAndRun(RemoteTestNG.java:251)
	at org.testng.remote.RemoteTestNG.main(RemoteTestNG.java:77)
]]>
            </full-stacktrace>
          </exception> <!-- org.openqa.selenium.NoSuchElementException -->
          <reporter-output>
          </reporter-output>
        </test-method> <!-- checkBoxRemove -->
      </class> <!-- test.SingleCheckBoxRemoveTest -->
      <class name="test.CheckBoxToggleValidateTest">
        <test-method status="PASS" signature="CheckBoxToggleValidate()[pri:0, instance:test.CheckBoxToggleValidateTest@17c1bced]" name="CheckBoxToggleValidate" duration-ms="5119" started-at="2020-08-30T12:40:31Z" finished-at="2020-08-30T12:40:36Z">
          <reporter-output>
          </reporter-output>
        </test-method> <!-- CheckBoxToggleValidate -->
      </class> <!-- test.CheckBoxToggleValidateTest -->
      <class name="test.DuplicateAddCatagoryTest">
        <test-method status="PASS" signature="duplicteAddCagory()[pri:0, instance:test.DuplicateAddCatagoryTest@691a7f8f]" name="duplicteAddCagory" duration-ms="10397" started-at="2020-08-30T12:39:48Z" finished-at="2020-08-30T12:39:58Z">
          <reporter-output>
          </reporter-output>
        </test-method> <!-- duplicteAddCagory -->
      </class> <!-- test.DuplicateAddCatagoryTest -->
      <class name="test.AllListItemRemoveValidationTest">
        <test-method status="PASS" signature="allListItemRemove()[pri:0, instance:test.AllListItemRemoveValidationTest@2d9d4f9d]" name="allListItemRemove" duration-ms="7842" started-at="2020-08-30T12:40:13Z" finished-at="2020-08-30T12:40:21Z">
          <reporter-output>
          </reporter-output>
        </test-method> <!-- allListItemRemove -->
      </class> <!-- test.AllListItemRemoveValidationTest -->
      <class name="test.AddCatagoryTest">
        <test-method status="PASS" signature="addName()[pri:0, instance:test.AddCatagoryTest@4034c28c]" name="addName" duration-ms="5252" started-at="2020-08-30T12:40:21Z" finished-at="2020-08-30T12:40:26Z">
          <reporter-output>
          </reporter-output>
        </test-method> <!-- addName -->
      </class> <!-- test.AddCatagoryTest -->
      <class name="test.SkyBlueBackGroundValidationTest">
        <test-method status="PASS" signature="skyBlueBackground()[pri:0, instance:test.SkyBlueBackGroundValidationTest@50a7bc6e]" name="skyBlueBackground" duration-ms="5283" started-at="2020-08-30T12:40:26Z" finished-at="2020-08-30T12:40:31Z">
          <reporter-output>
          </reporter-output>
        </test-method> <!-- skyBlueBackground -->
      </class> <!-- test.SkyBlueBackGroundValidationTest -->
      <class name="test.MonthValidationTest">
        <test-method status="PASS" signature="monthName()[pri:0, instance:test.MonthValidationTest@e50a6f6]" name="monthName" duration-ms="8382" started-at="2020-08-30T12:40:36Z" finished-at="2020-08-30T12:40:45Z">
          <reporter-output>
          </reporter-output>
        </test-method> <!-- monthName -->
      </class> <!-- test.MonthValidationTest -->
    </test> <!-- Default test -->
  </suite> <!-- Default suite -->
</testng-results>
